
> frontend@0.0.0 dev
> vite


  VITE v7.2.4  ready in 220 ms

  ➜  Local:   http://localhost:5173/
  ➜  Network: use --host to expose
3:05:50 PM [vite] (client) hmr update /src/context/LanguageContext.jsx
3:05:50 PM [vite] (client) hmr invalidate /src/context/LanguageContext.jsx Could not Fast Refresh ("SUPPORTED_LANGUAGES" export is incompatible). Learn more at https://github.com/vitejs/vite-plugin-react/tree/main/packages/plugin-react#consistent-components-exports
3:05:50 PM [vite] (client) page reload src/context/LanguageContext.jsx
3:07:00 PM [vite] (client) hmr update /src/context/LanguageContext.jsx
3:07:00 PM [vite] (client) hmr invalidate /src/context/LanguageContext.jsx Could not Fast Refresh ("SUPPORTED_LANGUAGES" export is incompatible). Learn more at https://github.com/vitejs/vite-plugin-react/tree/main/packages/plugin-react#consistent-components-exports
3:07:00 PM [vite] (client) page reload src/context/LanguageContext.jsx
3:07:02 PM [vite] (client) hmr update /src/components/Dashboard.jsx
3:07:04 PM [vite] (client) hmr update /src/components/Dashboard.jsx
3:07:34 PM [vite] (client) hmr update /src/context/LanguageContext.jsx
3:07:34 PM [vite] (client) hmr invalidate /src/context/LanguageContext.jsx Could not Fast Refresh ("SUPPORTED_LANGUAGES" export is incompatible). Learn more at https://github.com/vitejs/vite-plugin-react/tree/main/packages/plugin-react#consistent-components-exports
3:07:34 PM [vite] (client) page reload src/context/LanguageContext.jsx
3:09:43 PM [vite] (client) hmr update /src/components/IntelCenter.jsx
3:11:27 PM [vite] (client) hmr update /src/components/IntelCenter.jsx
3:34:25 PM [vite] (client) hmr update /src/context/LanguageContext.jsx
3:34:26 PM [vite] (client) hmr invalidate /src/context/LanguageContext.jsx Could not Fast Refresh ("SUPPORTED_LANGUAGES" export is incompatible). Learn more at https://github.com/vitejs/vite-plugin-react/tree/main/packages/plugin-react#consistent-components-exports
3:34:26 PM [vite] (client) page reload src/context/LanguageContext.jsx
3:34:27 PM [vite] (client) hmr update /src/components/ListeningFeed.jsx
3:34:29 PM [vite] (client) hmr update /src/components/SubjectsView.jsx
3:35:51 PM [vite] (client) hmr update /src/components/ListeningFeed.jsx
3:35:53 PM [vite] (client) hmr update /src/components/SubjectsView.jsx
